<?xml version="1.0" encoding="UTF-8"?>
<!-- Generated by org.testng.reporters.JUnitReportReporter -->
<testsuite skipped="0" hostname="Kaluaracchi" name="JayTest2.JayExercise2" tests="1" failures="0" timestamp="19 Jan 2019 09:09:41 GMT" time="19.406" errors="0">
  <testcase name="testSearch" time="19.406" classname="JayTest2.JayExercise2"/>
</testsuite> <!-- JayTest2.JayExercise2 -->
