<?xml version="1.0" encoding="UTF-8"?>
<!-- Generated by org.testng.reporters.JUnitReportReporter -->
<testsuite skipped="0" hostname="Kaluaracchi" name="ExcelRead.Exercise2" tests="1" failures="0" timestamp="20 Jan 2019 04:27:54 GMT" time="46.218" errors="0">
  <testcase name="testAdd" time="46.218" classname="ExcelRead.Exercise2"/>
</testsuite> <!-- ExcelRead.Exercise2 -->
