<?xml version="1.0" encoding="UTF-8"?>
<!-- Generated by org.testng.reporters.JUnitReportReporter -->
<testsuite skipped="0" hostname="Kaluaracchi" name="HomeWork.ExerciseJsonRead" tests="1" failures="0" timestamp="26 Jan 2019 06:06:27 GMT" time="13.821" errors="0">
  <testcase name="testAdd" time="13.821" classname="HomeWork.ExerciseJsonRead"/>
</testsuite> <!-- HomeWork.ExerciseJsonRead -->
