<?xml version="1.0" encoding="UTF-8"?>
<!-- Generated by org.testng.reporters.JUnitReportReporter -->
<testsuite skipped="0" hostname="Kaluaracchi" name="DayOne.ExcelReadClass" tests="1" failures="0" timestamp="13 Jan 2019 14:16:05 GMT" time="13.505" errors="0">
  <testcase name="testSearch" time="13.505" classname="DayOne.ExcelReadClass"/>
</testsuite> <!-- DayOne.ExcelReadClass -->
