<?xml version="1.0" encoding="UTF-8"?>
<!-- Generated by org.testng.reporters.JUnitReportReporter -->
<testsuite skipped="0" hostname="Kaluaracchi" name="ExcelRead.JayExercise3" tests="1" failures="0" timestamp="20 Jan 2019 04:05:07 GMT" time="41.337" errors="0">
  <testcase name="testSearch" time="41.337" classname="ExcelRead.JayExercise3"/>
</testsuite> <!-- ExcelRead.JayExercise3 -->
